<?xml version="1.0" encoding="UTF-8"?>
<!-- Generated by org.testng.reporters.JUnitReportReporter -->
<testsuite skipped="0" hostname="DESKTOP-H62DAKF" name="com.training.sanity.tests.FbloginTest" tests="2" failures="0" timestamp="2022-08-12T15:51:20 IST" time="11.882" errors="0">
  <testcase name="validLoginTest" time="6.561" classname="com.training.sanity.tests.FbloginTest"/>
  <system-out/>
  <testcase name="logouttest" time="5.321" classname="com.training.sanity.tests.FbloginTest"/>
  <system-out/>
</testsuite> <!-- com.training.sanity.tests.FbloginTest -->
