<?xml version="1.0" encoding="UTF-8"?>
<!-- Generated by org.testng.reporters.JUnitReportReporter -->
<testsuite hostname="lt" failures="0" tests="1" name="selenium1.NewTest" time="60.186" errors="0" timestamp="2022-09-18T08:56:10 PDT" skipped="0">
  <testcase classname="selenium1.NewTest" name="f" time="60.186"/>
  <system-out/>
</testsuite> <!-- selenium1.NewTest -->
